
2019-03-22 18:39:36,853:[django.db.backends]:[utils.py]-[90] [DEBUG]:(0.000) SELECT @@SQL_AUTO_IS_NULL; args=None
2019-03-22 18:39:36,854:[django.db.backends]:[utils.py]-[90] [DEBUG]:(0.000) SELECT VERSION(); args=None
2019-03-22 18:39:41,230:[django.db.backends]:[utils.py]-[90] [DEBUG]:(0.001) SHOW FULL TABLES; args=None
2019-03-22 18:39:41,284:[django.db.backends.schema]:[schema.py]-[111] [DEBUG]:CREATE TABLE `django_migrations` (`id` integer AUTO_INCREMENT NOT NULL PRIMARY KEY, `app` varchar(255) NOT NULL, `name` varchar(255) NOT NULL, `applied` datetime(6) NOT NULL); (params None)
2019-03-22 18:39:42,907:[django.db.backends]:[utils.py]-[90] [DEBUG]:(1.548) CREATE TABLE `django_migrations` (`id` integer AUTO_INCREMENT NOT NULL PRIMARY KEY, `app` varchar(255) NOT NULL, `name` varchar(255) NOT NULL, `applied` datetime(6) NOT NULL); args=None
2019-03-22 18:39:43,311:[django.db.backends]:[utils.py]-[90] [DEBUG]:(0.163) SELECT engine FROM information_schema.tables WHERE table_name = 'django_migrations'; args=[u'django_migrations']
2019-03-22 18:39:43,394:[django.db.backends]:[utils.py]-[90] [DEBUG]:(0.001) SELECT engine FROM information_schema.tables WHERE table_name = 'django_migrations'; args=[u'django_migrations']
2019-03-22 18:39:43,495:[django.db.backends]:[utils.py]-[90] [DEBUG]:(0.001) SELECT engine FROM information_schema.tables WHERE table_name = 'django_migrations'; args=[u'django_migrations']
2019-03-22 18:39:43,620:[django.db.backends]:[utils.py]-[90] [DEBUG]:(0.001) SELECT engine FROM information_schema.tables WHERE table_name = 'django_migrations'; args=[u'django_migrations']
2019-03-22 18:39:43,766:[django.db.backends]:[utils.py]-[90] [DEBUG]:(0.001) SELECT `django_migrations`.`app`, `django_migrations`.`name` FROM `django_migrations`; args=()
2019-03-22 18:39:47,038:[django.db.backends]:[utils.py]-[90] [DEBUG]:(0.000) SELECT @@SQL_AUTO_IS_NULL; args=None
2019-03-22 18:39:47,039:[django.db.backends]:[utils.py]-[90] [DEBUG]:(0.000) SELECT @@sql_mode; args=None
2019-03-22 18:39:47,285:[django.db.backends]:[utils.py]-[90] [DEBUG]:(0.001) SELECT VERSION(); args=None
2019-03-22 18:39:49,282:[django.db.backends]:[utils.py]-[90] [DEBUG]:(0.001) SHOW FULL TABLES; args=None
2019-03-22 18:39:49,333:[django.db.backends]:[utils.py]-[90] [DEBUG]:(0.001) SELECT `django_migrations`.`app`, `django_migrations`.`name` FROM `django_migrations`; args=()
2019-03-22 18:39:49,398:[django.db.backends]:[utils.py]-[90] [DEBUG]:(0.001) SHOW FULL TABLES; args=None
2019-03-22 18:39:49,448:[django.db.backends]:[utils.py]-[90] [DEBUG]:(0.001) SELECT `django_migrations`.`app`, `django_migrations`.`name` FROM `django_migrations`; args=()
2019-03-22 18:39:49,642:[django.db.backends.schema]:[schema.py]-[111] [DEBUG]:CREATE TABLE `django_content_type` (`id` integer AUTO_INCREMENT NOT NULL PRIMARY KEY, `name` varchar(100) NOT NULL, `app_label` varchar(100) NOT NULL, `model` varchar(100) NOT NULL); (params None)
2019-03-22 18:39:50,809:[django.db.backends]:[utils.py]-[90] [DEBUG]:(1.087) CREATE TABLE `django_content_type` (`id` integer AUTO_INCREMENT NOT NULL PRIMARY KEY, `name` varchar(100) NOT NULL, `app_label` varchar(100) NOT NULL, `model` varchar(100) NOT NULL); args=None
2019-03-22 18:39:51,069:[django.db.backends]:[utils.py]-[90] [DEBUG]:(0.126) SELECT engine FROM information_schema.tables WHERE table_name = 'django_content_type'; args=[u'django_content_type']
2019-03-22 18:39:51,136:[django.db.backends]:[utils.py]-[90] [DEBUG]:(0.001) SELECT engine FROM information_schema.tables WHERE table_name = 'django_content_type'; args=[u'django_content_type']
2019-03-22 18:39:51,203:[django.db.backends]:[utils.py]-[90] [DEBUG]:(0.001) SELECT engine FROM information_schema.tables WHERE table_name = 'django_content_type'; args=[u'django_content_type']
2019-03-22 18:39:51,278:[django.db.backends]:[utils.py]-[90] [DEBUG]:(0.001) SELECT engine FROM information_schema.tables WHERE table_name = 'django_content_type'; args=[u'django_content_type']
2019-03-22 18:39:51,369:[django.db.backends.schema]:[schema.py]-[111] [DEBUG]:ALTER TABLE `django_content_type` ADD CONSTRAINT `django_content_type_app_label_model_76bd3d3b_uniq` UNIQUE (`app_label`, `model`); (params ())
2019-03-22 18:39:53,813:[django.db.backends]:[utils.py]-[90] [DEBUG]:(2.352) ALTER TABLE `django_content_type` ADD CONSTRAINT `django_content_type_app_label_model_76bd3d3b_uniq` UNIQUE (`app_label`, `model`); args=()
2019-03-22 18:39:54,156:[django.db.backends]:[utils.py]-[90] [DEBUG]:(0.001) SHOW FULL TABLES; args=None
2019-03-22 18:39:54,332:[django.db.backends]:[utils.py]-[90] [DEBUG]:(0.001) INSERT INTO `django_migrations` (`app`, `name`, `applied`) VALUES ('contenttypes', '0001_initial', '2019-03-22 18:39:54.331009'); args=['contenttypes', u'0001_initial', u'2019-03-22 18:39:54.331009']
2019-03-22 18:39:55,188:[django.db.backends.schema]:[schema.py]-[111] [DEBUG]:ALTER TABLE `django_content_type` MODIFY `name` varchar(100) NULL; (params [])
2019-03-22 18:39:56,394:[django.db.backends]:[utils.py]-[90] [DEBUG]:(1.135) ALTER TABLE `django_content_type` MODIFY `name` varchar(100) NULL; args=[]
2019-03-22 18:39:56,741:[django.db.backends.schema]:[schema.py]-[111] [DEBUG]:ALTER TABLE `django_content_type` DROP COLUMN `name`; (params ())
2019-03-22 18:40:00,314:[django.db.backends]:[utils.py]-[90] [DEBUG]:(3.463) ALTER TABLE `django_content_type` DROP COLUMN `name`; args=()
2019-03-22 18:40:00,535:[django.db.backends]:[utils.py]-[90] [DEBUG]:(0.001) SHOW FULL TABLES; args=None
2019-03-22 18:40:00,752:[django.db.backends]:[utils.py]-[90] [DEBUG]:(0.000) INSERT INTO `django_migrations` (`app`, `name`, `applied`) VALUES ('contenttypes', '0002_remove_content_type_name', '2019-03-22 18:40:00.751379'); args=['contenttypes', u'0002_remove_content_type_name', u'2019-03-22 18:40:00.751379']
2019-03-22 18:40:00,952:[django.db.backends.schema]:[schema.py]-[111] [DEBUG]:CREATE TABLE `auth_permission` (`id` integer AUTO_INCREMENT NOT NULL PRIMARY KEY, `name` varchar(50) NOT NULL, `content_type_id` integer NOT NULL, `codename` varchar(100) NOT NULL); (params None)
2019-03-22 18:40:03,057:[django.db.backends]:[utils.py]-[90] [DEBUG]:(1.931) CREATE TABLE `auth_permission` (`id` integer AUTO_INCREMENT NOT NULL PRIMARY KEY, `name` varchar(50) NOT NULL, `content_type_id` integer NOT NULL, `codename` varchar(100) NOT NULL); args=None
2019-03-22 18:40:03,198:[django.db.backends]:[utils.py]-[90] [DEBUG]:(0.058) SELECT engine FROM information_schema.tables WHERE table_name = 'auth_permission'; args=[u'auth_permission']
2019-03-22 18:40:03,273:[django.db.backends]:[utils.py]-[90] [DEBUG]:(0.001) SELECT engine FROM information_schema.tables WHERE table_name = 'auth_permission'; args=[u'auth_permission']
2019-03-22 18:40:03,348:[django.db.backends]:[utils.py]-[90] [DEBUG]:(0.001) SELECT engine FROM information_schema.tables WHERE table_name = 'auth_permission'; args=[u'auth_permission']
2019-03-22 18:40:03,409:[django.db.backends]:[utils.py]-[90] [DEBUG]:(0.001) SELECT engine FROM information_schema.tables WHERE table_name = 'auth_permission'; args=[u'auth_permission']
2019-03-22 18:40:03,494:[django.db.backends.schema]:[schema.py]-[111] [DEBUG]:CREATE TABLE `auth_group` (`id` integer AUTO_INCREMENT NOT NULL PRIMARY KEY, `name` varchar(80) NOT NULL UNIQUE); (params None)
2019-03-22 18:40:07,440:[django.db.backends]:[utils.py]-[90] [DEBUG]:(3.758) CREATE TABLE `auth_group` (`id` integer AUTO_INCREMENT NOT NULL PRIMARY KEY, `name` varchar(80) NOT NULL UNIQUE); args=None
2019-03-22 18:40:08,129:[django.db.backends]:[utils.py]-[90] [DEBUG]:(0.397) SELECT engine FROM information_schema.tables WHERE table_name = 'auth_group'; args=[u'auth_group']
2019-03-22 18:40:08,229:[django.db.backends]:[utils.py]-[90] [DEBUG]:(0.001) SELECT engine FROM information_schema.tables WHERE table_name = 'auth_group'; args=[u'auth_group']
2019-03-22 18:40:08,347:[django.db.backends.schema]:[schema.py]-[111] [DEBUG]:CREATE TABLE `auth_group_permissions` (`id` integer AUTO_INCREMENT NOT NULL PRIMARY KEY, `group_id` integer NOT NULL, `permission_id` integer NOT NULL); (params None)
2019-03-22 18:40:10,090:[django.db.backends]:[utils.py]-[90] [DEBUG]:(1.660) CREATE TABLE `auth_group_permissions` (`id` integer AUTO_INCREMENT NOT NULL PRIMARY KEY, `group_id` integer NOT NULL, `permission_id` integer NOT NULL); args=None
2019-03-22 18:40:10,294:[django.db.backends]:[utils.py]-[90] [DEBUG]:(0.129) SELECT engine FROM information_schema.tables WHERE table_name = 'auth_group_permissions'; args=[u'auth_group_permissions']
2019-03-22 18:40:10,434:[django.db.backends]:[utils.py]-[90] [DEBUG]:(0.001) SELECT engine FROM information_schema.tables WHERE table_name = 'auth_group_permissions'; args=[u'auth_group_permissions']
2019-03-22 18:40:10,492:[django.db.backends]:[utils.py]-[90] [DEBUG]:(0.001) SELECT engine FROM information_schema.tables WHERE table_name = 'auth_group_permissions'; args=[u'auth_group_permissions']
2019-03-22 18:40:10,558:[django.db.backends.schema]:[schema.py]-[111] [DEBUG]:CREATE TABLE `auth_user` (`id` integer AUTO_INCREMENT NOT NULL PRIMARY KEY, `password` varchar(128) NOT NULL, `last_login` datetime(6) NOT NULL, `is_superuser` bool NOT NULL, `username` varchar(30) NOT NULL UNIQUE, `first_name` varchar(30) NOT NULL, `last_name` varchar(30) NOT NULL, `email` varchar(75) NOT NULL, `is_staff` bool NOT NULL, `is_active` bool NOT NULL, `date_joined` datetime(6) NOT NULL); (params None)
2019-03-22 18:40:13,042:[django.db.backends]:[utils.py]-[90] [DEBUG]:(2.439) CREATE TABLE `auth_user` (`id` integer AUTO_INCREMENT NOT NULL PRIMARY KEY, `password` varchar(128) NOT NULL, `last_login` datetime(6) NOT NULL, `is_superuser` bool NOT NULL, `username` varchar(30) NOT NULL UNIQUE, `first_name` varchar(30) NOT NULL, `last_name` varchar(30) NOT NULL, `email` varchar(75) NOT NULL, `is_staff` bool NOT NULL, `is_active` bool NOT NULL, `date_joined` datetime(6) NOT NULL); args=None
2019-03-22 18:40:13,355:[django.db.backends]:[utils.py]-[90] [DEBUG]:(0.084) SELECT engine FROM information_schema.tables WHERE table_name = 'auth_user'; args=[u'auth_user']
2019-03-22 18:40:13,413:[django.db.backends]:[utils.py]-[90] [DEBUG]:(0.001) SELECT engine FROM information_schema.tables WHERE table_name = 'auth_user'; args=[u'auth_user']
2019-03-22 18:40:13,498:[django.db.backends]:[utils.py]-[90] [DEBUG]:(0.001) SELECT engine FROM information_schema.tables WHERE table_name = 'auth_user'; args=[u'auth_user']
2019-03-22 18:40:13,590:[django.db.backends]:[utils.py]-[90] [DEBUG]:(0.001) SELECT engine FROM information_schema.tables WHERE table_name = 'auth_user'; args=[u'auth_user']
2019-03-22 18:40:13,681:[django.db.backends]:[utils.py]-[90] [DEBUG]:(0.001) SELECT engine FROM information_schema.tables WHERE table_name = 'auth_user'; args=[u'auth_user']
2019-03-22 18:40:13,788:[django.db.backends]:[utils.py]-[90] [DEBUG]:(0.001) SELECT engine FROM information_schema.tables WHERE table_name = 'auth_user'; args=[u'auth_user']
2019-03-22 18:40:13,940:[django.db.backends]:[utils.py]-[90] [DEBUG]:(0.001) SELECT engine FROM information_schema.tables WHERE table_name = 'auth_user'; args=[u'auth_user']
2019-03-22 18:40:14,115:[django.db.backends]:[utils.py]-[90] [DEBUG]:(0.067) SELECT engine FROM information_schema.tables WHERE table_name = 'auth_user'; args=[u'auth_user']
2019-03-22 18:40:14,339:[django.db.backends]:[utils.py]-[90] [DEBUG]:(0.109) SELECT engine FROM information_schema.tables WHERE table_name = 'auth_user'; args=[u'auth_user']
2019-03-22 18:40:14,397:[django.db.backends]:[utils.py]-[90] [DEBUG]:(0.001) SELECT engine FROM information_schema.tables WHERE table_name = 'auth_user'; args=[u'auth_user']
2019-03-22 18:40:14,456:[django.db.backends]:[utils.py]-[90] [DEBUG]:(0.001) SELECT engine FROM information_schema.tables WHERE table_name = 'auth_user'; args=[u'auth_user']
2019-03-22 18:40:14,522:[django.db.backends.schema]:[schema.py]-[111] [DEBUG]:CREATE TABLE `auth_user_groups` (`id` integer AUTO_INCREMENT NOT NULL PRIMARY KEY, `user_id` integer NOT NULL, `group_id` integer NOT NULL); (params None)
2019-03-22 18:40:16,039:[django.db.backends]:[utils.py]-[90] [DEBUG]:(1.467) CREATE TABLE `auth_user_groups` (`id` integer AUTO_INCREMENT NOT NULL PRIMARY KEY, `user_id` integer NOT NULL, `group_id` integer NOT NULL); args=None
2019-03-22 18:40:16,276:[django.db.backends]:[utils.py]-[90] [DEBUG]:(0.120) SELECT engine FROM information_schema.tables WHERE table_name = 'auth_user_groups'; args=[u'auth_user_groups']
2019-03-22 18:40:16,393:[django.db.backends]:[utils.py]-[90] [DEBUG]:(0.001) SELECT engine FROM information_schema.tables WHERE table_name = 'auth_user_groups'; args=[u'auth_user_groups']
2019-03-22 18:40:16,449:[django.db.backends]:[utils.py]-[90] [DEBUG]:(0.001) SELECT engine FROM information_schema.tables WHERE table_name = 'auth_user_groups'; args=[u'auth_user_groups']
2019-03-22 18:40:16,508:[django.db.backends.schema]:[schema.py]-[111] [DEBUG]:CREATE TABLE `auth_user_user_permissions` (`id` integer AUTO_INCREMENT NOT NULL PRIMARY KEY, `user_id` integer NOT NULL, `permission_id` integer NOT NULL); (params None)
2019-03-22 18:40:21,363:[django.db.backends]:[utils.py]-[90] [DEBUG]:(4.747) CREATE TABLE `auth_user_user_permissions` (`id` integer AUTO_INCREMENT NOT NULL PRIMARY KEY, `user_id` integer NOT NULL, `permission_id` integer NOT NULL); args=None
2019-03-22 18:40:21,531:[django.db.backends]:[utils.py]-[90] [DEBUG]:(0.085) SELECT engine FROM information_schema.tables WHERE table_name = 'auth_user_user_permissions'; args=[u'auth_user_user_permissions']
2019-03-22 18:40:21,590:[django.db.backends]:[utils.py]-[90] [DEBUG]:(0.001) SELECT engine FROM information_schema.tables WHERE table_name = 'auth_user_user_permissions'; args=[u'auth_user_user_permissions']
2019-03-22 18:40:21,663:[django.db.backends]:[utils.py]-[90] [DEBUG]:(0.001) SELECT engine FROM information_schema.tables WHERE table_name = 'auth_user_user_permissions'; args=[u'auth_user_user_permissions']
2019-03-22 18:40:21,706:[django.db.backends.schema]:[schema.py]-[111] [DEBUG]:ALTER TABLE `auth_permission` ADD CONSTRAINT `auth_permission_content_type_id_2f476e4b_fk_django_co` FOREIGN KEY (`content_type_id`) REFERENCES `django_content_type` (`id`); (params ())
2019-03-22 18:40:24,260:[django.db.backends]:[utils.py]-[90] [DEBUG]:(2.504) ALTER TABLE `auth_permission` ADD CONSTRAINT `auth_permission_content_type_id_2f476e4b_fk_django_co` FOREIGN KEY (`content_type_id`) REFERENCES `django_content_type` (`id`); args=()
2019-03-22 18:40:24,426:[django.db.backends.schema]:[schema.py]-[111] [DEBUG]:ALTER TABLE `auth_permission` ADD CONSTRAINT `auth_permission_content_type_id_codename_01ab375a_uniq` UNIQUE (`content_type_id`, `codename`); (params ())
2019-03-22 18:40:25,416:[django.db.backends]:[utils.py]-[90] [DEBUG]:(0.838) ALTER TABLE `auth_permission` ADD CONSTRAINT `auth_permission_content_type_id_codename_01ab375a_uniq` UNIQUE (`content_type_id`, `codename`); args=()
2019-03-22 18:40:25,483:[django.db.backends.schema]:[schema.py]-[111] [DEBUG]:ALTER TABLE `auth_group_permissions` ADD CONSTRAINT `auth_group_permissions_group_id_b120cbf9_fk_auth_group_id` FOREIGN KEY (`group_id`) REFERENCES `auth_group` (`id`); (params ())
2019-03-22 18:40:26,904:[django.db.backends]:[utils.py]-[90] [DEBUG]:(1.353) ALTER TABLE `auth_group_permissions` ADD CONSTRAINT `auth_group_permissions_group_id_b120cbf9_fk_auth_group_id` FOREIGN KEY (`group_id`) REFERENCES `auth_group` (`id`); args=()
2019-03-22 18:40:26,996:[django.db.backends.schema]:[schema.py]-[111] [DEBUG]:ALTER TABLE `auth_group_permissions` ADD CONSTRAINT `auth_group_permissio_permission_id_84c5c92e_fk_auth_perm` FOREIGN KEY (`permission_id`) REFERENCES `auth_permission` (`id`); (params ())
2019-03-22 18:40:29,706:[django.db.backends]:[utils.py]-[90] [DEBUG]:(2.602) ALTER TABLE `auth_group_permissions` ADD CONSTRAINT `auth_group_permissio_permission_id_84c5c92e_fk_auth_perm` FOREIGN KEY (`permission_id`) REFERENCES `auth_permission` (`id`); args=()
2019-03-22 18:40:29,765:[django.db.backends.schema]:[schema.py]-[111] [DEBUG]:ALTER TABLE `auth_group_permissions` ADD CONSTRAINT `auth_group_permissions_group_id_permission_id_0cd325b0_uniq` UNIQUE (`group_id`, `permission_id`); (params ())
2019-03-22 18:40:30,612:[django.db.backends]:[utils.py]-[90] [DEBUG]:(0.731) ALTER TABLE `auth_group_permissions` ADD CONSTRAINT `auth_group_permissions_group_id_permission_id_0cd325b0_uniq` UNIQUE (`group_id`, `permission_id`); args=()
2019-03-22 18:40:30,655:[django.db.backends.schema]:[schema.py]-[111] [DEBUG]:ALTER TABLE `auth_user_groups` ADD CONSTRAINT `auth_user_groups_user_id_6a12ed8b_fk_auth_user_id` FOREIGN KEY (`user_id`) REFERENCES `auth_user` (`id`); (params ())
2019-03-22 18:40:33,470:[django.db.backends]:[utils.py]-[90] [DEBUG]:(2.691) ALTER TABLE `auth_user_groups` ADD CONSTRAINT `auth_user_groups_user_id_6a12ed8b_fk_auth_user_id` FOREIGN KEY (`user_id`) REFERENCES `auth_user` (`id`); args=()
2019-03-22 18:40:33,750:[django.db.backends.schema]:[schema.py]-[111] [DEBUG]:ALTER TABLE `auth_user_groups` ADD CONSTRAINT `auth_user_groups_group_id_97559544_fk_auth_group_id` FOREIGN KEY (`group_id`) REFERENCES `auth_group` (`id`); (params ())
2019-03-22 18:40:41,051:[django.db.backends]:[utils.py]-[90] [DEBUG]:(7.000) ALTER TABLE `auth_user_groups` ADD CONSTRAINT `auth_user_groups_group_id_97559544_fk_auth_group_id` FOREIGN KEY (`group_id`) REFERENCES `auth_group` (`id`); args=()
2019-03-22 18:40:41,052:[django.db.backends.schema]:[schema.py]-[111] [DEBUG]:ALTER TABLE `auth_user_groups` ADD CONSTRAINT `auth_user_groups_user_id_group_id_94350c0c_uniq` UNIQUE (`user_id`, `group_id`); (params ())
2019-03-22 18:40:41,980:[django.db.backends]:[utils.py]-[90] [DEBUG]:(0.887) ALTER TABLE `auth_user_groups` ADD CONSTRAINT `auth_user_groups_user_id_group_id_94350c0c_uniq` UNIQUE (`user_id`, `group_id`); args=()
2019-03-22 18:40:42,055:[django.db.backends.schema]:[schema.py]-[111] [DEBUG]:ALTER TABLE `auth_user_user_permissions` ADD CONSTRAINT `auth_user_user_permissions_user_id_a95ead1b_fk_auth_user_id` FOREIGN KEY (`user_id`) REFERENCES `auth_user` (`id`); (params ())
2019-03-22 18:40:46,424:[django.db.backends]:[utils.py]-[90] [DEBUG]:(4.294) ALTER TABLE `auth_user_user_permissions` ADD CONSTRAINT `auth_user_user_permissions_user_id_a95ead1b_fk_auth_user_id` FOREIGN KEY (`user_id`) REFERENCES `auth_user` (`id`); args=()
2019-03-22 18:40:46,887:[django.db.backends.schema]:[schema.py]-[111] [DEBUG]:ALTER TABLE `auth_user_user_permissions` ADD CONSTRAINT `auth_user_user_permi_permission_id_1fbb5f2c_fk_auth_perm` FOREIGN KEY (`permission_id`) REFERENCES `auth_permission` (`id`); (params ())
2019-03-22 18:40:53,848:[django.db.backends]:[utils.py]-[90] [DEBUG]:(6.772) ALTER TABLE `auth_user_user_permissions` ADD CONSTRAINT `auth_user_user_permi_permission_id_1fbb5f2c_fk_auth_perm` FOREIGN KEY (`permission_id`) REFERENCES `auth_permission` (`id`); args=()
2019-03-22 18:40:53,945:[django.db.backends.schema]:[schema.py]-[111] [DEBUG]:ALTER TABLE `auth_user_user_permissions` ADD CONSTRAINT `auth_user_user_permissions_user_id_permission_id_14a6b632_uniq` UNIQUE (`user_id`, `permission_id`); (params ())
2019-03-22 18:40:54,793:[django.db.backends]:[utils.py]-[90] [DEBUG]:(0.547) ALTER TABLE `auth_user_user_permissions` ADD CONSTRAINT `auth_user_user_permissions_user_id_permission_id_14a6b632_uniq` UNIQUE (`user_id`, `permission_id`); args=()
2019-03-22 18:40:54,839:[django.db.backends]:[utils.py]-[90] [DEBUG]:(0.001) SHOW FULL TABLES; args=None
2019-03-22 18:40:54,890:[django.db.backends]:[utils.py]-[90] [DEBUG]:(0.000) INSERT INTO `django_migrations` (`app`, `name`, `applied`) VALUES ('auth', '0001_initial', '2019-03-22 18:40:54.888896'); args=['auth', u'0001_initial', u'2019-03-22 18:40:54.888896']
2019-03-22 18:40:55,278:[django.db.backends.schema]:[schema.py]-[111] [DEBUG]:ALTER TABLE `auth_permission` MODIFY `name` varchar(255) NOT NULL; (params [])
2019-03-22 18:40:56,659:[django.db.backends]:[utils.py]-[90] [DEBUG]:(1.312) ALTER TABLE `auth_permission` MODIFY `name` varchar(255) NOT NULL; args=[]
2019-03-22 18:40:56,719:[django.db.backends]:[utils.py]-[90] [DEBUG]:(0.002) SHOW FULL TABLES; args=None
2019-03-22 18:40:56,831:[django.db.backends]:[utils.py]-[90] [DEBUG]:(0.001) INSERT INTO `django_migrations` (`app`, `name`, `applied`) VALUES ('auth', '0002_alter_permission_name_max_length', '2019-03-22 18:40:56.829602'); args=['auth', u'0002_alter_permission_name_max_length', u'2019-03-22 18:40:56.829602']
2019-03-22 18:40:56,991:[django.db.backends.schema]:[schema.py]-[111] [DEBUG]:ALTER TABLE `auth_user` MODIFY `email` varchar(254) NOT NULL; (params [])
2019-03-22 18:41:00,500:[django.db.backends]:[utils.py]-[90] [DEBUG]:(3.465) ALTER TABLE `auth_user` MODIFY `email` varchar(254) NOT NULL; args=[]
2019-03-22 18:41:01,378:[django.db.backends]:[utils.py]-[90] [DEBUG]:(0.368) SHOW FULL TABLES; args=None
2019-03-22 18:41:01,546:[django.db.backends]:[utils.py]-[90] [DEBUG]:(0.001) INSERT INTO `django_migrations` (`app`, `name`, `applied`) VALUES ('auth', '0003_alter_user_email_max_length', '2019-03-22 18:41:01.544739'); args=['auth', u'0003_alter_user_email_max_length', u'2019-03-22 18:41:01.544739']
2019-03-22 18:41:02,117:[django.db.backends]:[utils.py]-[90] [DEBUG]:(0.203) SHOW FULL TABLES; args=None
2019-03-22 18:41:02,405:[django.db.backends]:[utils.py]-[90] [DEBUG]:(0.001) INSERT INTO `django_migrations` (`app`, `name`, `applied`) VALUES ('auth', '0004_alter_user_username_opts', '2019-03-22 18:41:02.404384'); args=['auth', u'0004_alter_user_username_opts', u'2019-03-22 18:41:02.404384']
2019-03-22 18:41:03,140:[django.db.backends.schema]:[schema.py]-[111] [DEBUG]:ALTER TABLE `auth_user` MODIFY `last_login` datetime(6) NULL; (params [])
2019-03-22 18:41:04,648:[django.db.backends]:[utils.py]-[90] [DEBUG]:(1.096) ALTER TABLE `auth_user` MODIFY `last_login` datetime(6) NULL; args=[]
2019-03-22 18:41:04,715:[django.db.backends]:[utils.py]-[90] [DEBUG]:(0.001) SHOW FULL TABLES; args=None
2019-03-22 18:41:04,814:[django.db.backends]:[utils.py]-[90] [DEBUG]:(0.000) INSERT INTO `django_migrations` (`app`, `name`, `applied`) VALUES ('auth', '0005_alter_user_last_login_null', '2019-03-22 18:41:04.812809'); args=['auth', u'0005_alter_user_last_login_null', u'2019-03-22 18:41:04.812809']
2019-03-22 18:41:05,008:[django.db.backends]:[utils.py]-[90] [DEBUG]:(0.001) SHOW FULL TABLES; args=None
2019-03-22 18:41:05,060:[django.db.backends]:[utils.py]-[90] [DEBUG]:(0.000) INSERT INTO `django_migrations` (`app`, `name`, `applied`) VALUES ('auth', '0006_require_contenttypes_0002', '2019-03-22 18:41:05.059180'); args=['auth', u'0006_require_contenttypes_0002', u'2019-03-22 18:41:05.059180']
2019-03-22 18:41:05,239:[django.db.backends]:[utils.py]-[90] [DEBUG]:(0.002) SHOW FULL TABLES; args=None
2019-03-22 18:41:05,418:[django.db.backends]:[utils.py]-[90] [DEBUG]:(0.000) INSERT INTO `django_migrations` (`app`, `name`, `applied`) VALUES ('auth', '0007_alter_validators_add_error_messages', '2019-03-22 18:41:05.416967'); args=['auth', u'0007_alter_validators_add_error_messages', u'2019-03-22 18:41:05.416967']
2019-03-22 18:41:05,545:[django.db.backends.schema]:[schema.py]-[111] [DEBUG]:ALTER TABLE `auth_user` MODIFY `username` varchar(150) NOT NULL; (params [])
2019-03-22 18:41:06,873:[django.db.backends]:[utils.py]-[90] [DEBUG]:(1.301) ALTER TABLE `auth_user` MODIFY `username` varchar(150) NOT NULL; args=[]
2019-03-22 18:41:06,893:[django.db.backends]:[utils.py]-[90] [DEBUG]:(0.002) SHOW FULL TABLES; args=None
2019-03-22 18:41:06,966:[django.db.backends]:[utils.py]-[90] [DEBUG]:(0.000) INSERT INTO `django_migrations` (`app`, `name`, `applied`) VALUES ('auth', '0008_alter_user_username_max_length', '2019-03-22 18:41:06.965554'); args=['auth', u'0008_alter_user_username_max_length', u'2019-03-22 18:41:06.965554']
2019-03-22 18:41:07,224:[django.db.backends.schema]:[schema.py]-[111] [DEBUG]:CREATE TABLE `django_session` (`session_key` varchar(40) NOT NULL PRIMARY KEY, `session_data` longtext NOT NULL, `expire_date` datetime(6) NOT NULL); (params None)
2019-03-22 18:41:08,377:[django.db.backends]:[utils.py]-[90] [DEBUG]:(1.088) CREATE TABLE `django_session` (`session_key` varchar(40) NOT NULL PRIMARY KEY, `session_data` longtext NOT NULL, `expire_date` datetime(6) NOT NULL); args=None
2019-03-22 18:41:08,495:[django.db.backends]:[utils.py]-[90] [DEBUG]:(0.076) SELECT engine FROM information_schema.tables WHERE table_name = 'django_session'; args=[u'django_session']
2019-03-22 18:41:08,537:[django.db.backends]:[utils.py]-[90] [DEBUG]:(0.001) SELECT engine FROM information_schema.tables WHERE table_name = 'django_session'; args=[u'django_session']
2019-03-22 18:41:08,646:[django.db.backends]:[utils.py]-[90] [DEBUG]:(0.001) SELECT engine FROM information_schema.tables WHERE table_name = 'django_session'; args=[u'django_session']
2019-03-22 18:41:08,712:[django.db.backends.schema]:[schema.py]-[111] [DEBUG]:CREATE INDEX `django_session_expire_date_a5c62663` ON `django_session` (`expire_date`); (params ())
2019-03-22 18:41:09,239:[django.db.backends]:[utils.py]-[90] [DEBUG]:(0.488) CREATE INDEX `django_session_expire_date_a5c62663` ON `django_session` (`expire_date`); args=()
2019-03-22 18:41:09,347:[django.db.backends]:[utils.py]-[90] [DEBUG]:(0.002) SHOW FULL TABLES; args=None
2019-03-22 18:41:09,424:[django.db.backends]:[utils.py]-[90] [DEBUG]:(0.000) INSERT INTO `django_migrations` (`app`, `name`, `applied`) VALUES ('sessions', '0001_initial', '2019-03-22 18:41:09.423540'); args=['sessions', u'0001_initial', u'2019-03-22 18:41:09.423540']
2019-03-22 18:41:09,731:[django.db.backends]:[utils.py]-[90] [DEBUG]:(0.001) SHOW FULL TABLES; args=None
2019-03-22 18:41:09,784:[django.db.backends]:[utils.py]-[90] [DEBUG]:(0.001) SELECT `django_migrations`.`app`, `django_migrations`.`name` FROM `django_migrations`; args=()
2019-03-22 18:41:10,347:[django.db.backends]:[utils.py]-[90] [DEBUG]:(0.001) SELECT `django_content_type`.`id`, `django_content_type`.`app_label`, `django_content_type`.`model` FROM `django_content_type` WHERE (`django_content_type`.`model` = 'group' AND `django_content_type`.`app_label` = 'auth'); args=('group', 'auth')
2019-03-22 18:41:10,385:[django.db.backends]:[utils.py]-[90] [DEBUG]:(0.001) SELECT `django_content_type`.`id`, `django_content_type`.`app_label`, `django_content_type`.`model` FROM `django_content_type` WHERE (`django_content_type`.`model` = 'group' AND `django_content_type`.`app_label` = 'auth'); args=('group', 'auth')
2019-03-22 18:41:10,485:[django.db.backends]:[utils.py]-[90] [DEBUG]:(0.000) INSERT INTO `django_content_type` (`app_label`, `model`) VALUES ('auth', 'group'); args=['auth', 'group']
2019-03-22 18:41:10,686:[django.db.backends]:[utils.py]-[90] [DEBUG]:(0.001) SELECT `django_content_type`.`id`, `django_content_type`.`app_label`, `django_content_type`.`model` FROM `django_content_type` WHERE (`django_content_type`.`model` = 'permission' AND `django_content_type`.`app_label` = 'auth'); args=('permission', 'auth')
2019-03-22 18:41:10,761:[django.db.backends]:[utils.py]-[90] [DEBUG]:(0.001) SELECT `django_content_type`.`id`, `django_content_type`.`app_label`, `django_content_type`.`model` FROM `django_content_type` WHERE (`django_content_type`.`model` = 'permission' AND `django_content_type`.`app_label` = 'auth'); args=('permission', 'auth')
2019-03-22 18:41:10,885:[django.db.backends]:[utils.py]-[90] [DEBUG]:(0.001) INSERT INTO `django_content_type` (`app_label`, `model`) VALUES ('auth', 'permission'); args=['auth', 'permission']
2019-03-22 18:41:11,120:[django.db.backends]:[utils.py]-[90] [DEBUG]:(0.001) SELECT `django_content_type`.`id`, `django_content_type`.`app_label`, `django_content_type`.`model` FROM `django_content_type` WHERE (`django_content_type`.`model` = 'user' AND `django_content_type`.`app_label` = 'auth'); args=('user', 'auth')
2019-03-22 18:41:11,253:[django.db.backends]:[utils.py]-[90] [DEBUG]:(0.001) SELECT `django_content_type`.`id`, `django_content_type`.`app_label`, `django_content_type`.`model` FROM `django_content_type` WHERE (`django_content_type`.`model` = 'user' AND `django_content_type`.`app_label` = 'auth'); args=('user', 'auth')
2019-03-22 18:41:11,545:[django.db.backends]:[utils.py]-[90] [DEBUG]:(0.000) INSERT INTO `django_content_type` (`app_label`, `model`) VALUES ('auth', 'user'); args=['auth', 'user']
2019-03-22 18:41:13,042:[django.db.backends]:[utils.py]-[90] [DEBUG]:(0.001) SELECT `auth_permission`.`content_type_id`, `auth_permission`.`codename` FROM `auth_permission` INNER JOIN `django_content_type` ON (`auth_permission`.`content_type_id` = `django_content_type`.`id`) WHERE `auth_permission`.`content_type_id` IN (10, 4, 7) ORDER BY `django_content_type`.`app_label` ASC, `django_content_type`.`model` ASC, `auth_permission`.`codename` ASC; args=(10, 4, 7)
2019-03-22 18:41:13,748:[django.db.backends]:[utils.py]-[90] [DEBUG]:(0.575) INSERT INTO `auth_permission` (`name`, `content_type_id`, `codename`) VALUES ('Can add group', 4, 'add_group'), ('Can change group', 4, 'change_group'), ('Can delete group', 4, 'delete_group'), ('Can add permission', 7, 'add_permission'), ('Can change permission', 7, 'change_permission'), ('Can delete permission', 7, 'delete_permission'), ('Can add user', 10, 'add_user'), ('Can change user', 10, 'change_user'), ('Can delete user', 10, 'delete_user'); args=(u'Can add group', 4, u'add_group', u'Can change group', 4, u'change_group', u'Can delete group', 4, u'delete_group', u'Can add permission', 7, u'add_permission', u'Can change permission', 7, u'change_permission', u'Can delete permission', 7, u'delete_permission', u'Can add user', 10, u'add_user', u'Can change user', 10, u'change_user', u'Can delete user', 10, u'delete_user')
2019-03-22 18:41:14,467:[django.db.backends]:[utils.py]-[90] [DEBUG]:(0.001) SELECT `django_content_type`.`id`, `django_content_type`.`app_label`, `django_content_type`.`model` FROM `django_content_type` WHERE `django_content_type`.`app_label` = 'auth'; args=('auth',)
2019-03-22 18:41:15,905:[django.db.backends]:[utils.py]-[90] [DEBUG]:(0.003) SELECT `django_content_type`.`id`, `django_content_type`.`app_label`, `django_content_type`.`model` FROM `django_content_type` WHERE (`django_content_type`.`model` = 'contenttype' AND `django_content_type`.`app_label` = 'contenttypes'); args=('contenttype', 'contenttypes')
2019-03-22 18:41:16,212:[django.db.backends]:[utils.py]-[90] [DEBUG]:(0.001) SELECT `django_content_type`.`id`, `django_content_type`.`app_label`, `django_content_type`.`model` FROM `django_content_type` WHERE (`django_content_type`.`model` = 'contenttype' AND `django_content_type`.`app_label` = 'contenttypes'); args=('contenttype', 'contenttypes')
2019-03-22 18:41:16,337:[django.db.backends]:[utils.py]-[90] [DEBUG]:(0.000) INSERT INTO `django_content_type` (`app_label`, `model`) VALUES ('contenttypes', 'contenttype'); args=['contenttypes', 'contenttype']
2019-03-22 18:41:16,974:[django.db.backends]:[utils.py]-[90] [DEBUG]:(0.001) SELECT `auth_permission`.`content_type_id`, `auth_permission`.`codename` FROM `auth_permission` INNER JOIN `django_content_type` ON (`auth_permission`.`content_type_id` = `django_content_type`.`id`) WHERE `auth_permission`.`content_type_id` IN (13) ORDER BY `django_content_type`.`app_label` ASC, `django_content_type`.`model` ASC, `auth_permission`.`codename` ASC; args=(13,)
2019-03-22 18:41:18,190:[django.db.backends]:[utils.py]-[90] [DEBUG]:(0.125) INSERT INTO `auth_permission` (`name`, `content_type_id`, `codename`) VALUES ('Can add content type', 13, 'add_contenttype'), ('Can change content type', 13, 'change_contenttype'), ('Can delete content type', 13, 'delete_contenttype'); args=(u'Can add content type', 13, u'add_contenttype', u'Can change content type', 13, u'change_contenttype', u'Can delete content type', 13, u'delete_contenttype')
2019-03-22 18:41:19,073:[django.db.backends]:[utils.py]-[90] [DEBUG]:(0.617) SELECT `django_content_type`.`id`, `django_content_type`.`app_label`, `django_content_type`.`model` FROM `django_content_type` WHERE `django_content_type`.`app_label` = 'contenttypes'; args=('contenttypes',)
2019-03-22 18:41:19,109:[django.db.backends]:[utils.py]-[90] [DEBUG]:(0.001) SELECT `django_content_type`.`id`, `django_content_type`.`app_label`, `django_content_type`.`model` FROM `django_content_type` WHERE (`django_content_type`.`model` = 'session' AND `django_content_type`.`app_label` = 'sessions'); args=('session', 'sessions')
2019-03-22 18:41:19,142:[django.db.backends]:[utils.py]-[90] [DEBUG]:(0.001) SELECT `django_content_type`.`id`, `django_content_type`.`app_label`, `django_content_type`.`model` FROM `django_content_type` WHERE (`django_content_type`.`model` = 'session' AND `django_content_type`.`app_label` = 'sessions'); args=('session', 'sessions')
2019-03-22 18:41:19,168:[django.db.backends]:[utils.py]-[90] [DEBUG]:(0.000) INSERT INTO `django_content_type` (`app_label`, `model`) VALUES ('sessions', 'session'); args=['sessions', 'session']
2019-03-22 18:41:19,528:[django.db.backends]:[utils.py]-[90] [DEBUG]:(0.001) SELECT `auth_permission`.`content_type_id`, `auth_permission`.`codename` FROM `auth_permission` INNER JOIN `django_content_type` ON (`auth_permission`.`content_type_id` = `django_content_type`.`id`) WHERE `auth_permission`.`content_type_id` IN (16) ORDER BY `django_content_type`.`app_label` ASC, `django_content_type`.`model` ASC, `auth_permission`.`codename` ASC; args=(16,)
2019-03-22 18:41:19,586:[django.db.backends]:[utils.py]-[90] [DEBUG]:(0.001) INSERT INTO `auth_permission` (`name`, `content_type_id`, `codename`) VALUES ('Can add session', 16, 'add_session'), ('Can change session', 16, 'change_session'), ('Can delete session', 16, 'delete_session'); args=(u'Can add session', 16, u'add_session', u'Can change session', 16, u'change_session', u'Can delete session', 16, u'delete_session')
2019-03-22 18:41:19,946:[django.db.backends]:[utils.py]-[90] [DEBUG]:(0.001) SELECT `django_content_type`.`id`, `django_content_type`.`app_label`, `django_content_type`.`model` FROM `django_content_type` WHERE `django_content_type`.`app_label` = 'sessions'; args=('sessions',)
2019-03-22 18:41:20,055:[django.db.backends]:[utils.py]-[90] [DEBUG]:(0.001) SELECT `django_content_type`.`id`, `django_content_type`.`app_label`, `django_content_type`.`model` FROM `django_content_type` WHERE `django_content_type`.`app_label` = 'rest_framework'; args=('rest_framework',)
2019-03-22 18:41:20,129:[django.db.backends]:[utils.py]-[90] [DEBUG]:(0.001) SELECT `django_content_type`.`id`, `django_content_type`.`app_label`, `django_content_type`.`model` FROM `django_content_type` WHERE (`django_content_type`.`model` = 'nsdmodel' AND `django_content_type`.`app_label` = 'database'); args=('nsdmodel', 'database')
2019-03-22 18:41:20,213:[django.db.backends]:[utils.py]-[90] [DEBUG]:(0.003) SELECT `django_content_type`.`id`, `django_content_type`.`app_label`, `django_content_type`.`model` FROM `django_content_type` WHERE (`django_content_type`.`model` = 'nsdmodel' AND `django_content_type`.`app_label` = 'database'); args=('nsdmodel', 'database')
2019-03-22 18:41:20,346:[django.db.backends]:[utils.py]-[90] [DEBUG]:(0.001) INSERT INTO `django_content_type` (`app_label`, `model`) VALUES ('database', 'nsdmodel'); args=['database', 'nsdmodel']
2019-03-22 18:41:20,539:[django.db.backends]:[utils.py]-[90] [DEBUG]:(0.001) SELECT `django_content_type`.`id`, `django_content_type`.`app_label`, `django_content_type`.`model` FROM `django_content_type` WHERE (`django_content_type`.`model` = 'nsinstmodel' AND `django_content_type`.`app_label` = 'database'); args=('nsinstmodel', 'database')
2019-03-22 18:41:20,632:[django.db.backends]:[utils.py]-[90] [DEBUG]:(0.044) SELECT `django_content_type`.`id`, `django_content_type`.`app_label`, `django_content_type`.`model` FROM `django_content_type` WHERE (`django_content_type`.`model` = 'nsinstmodel' AND `django_content_type`.`app_label` = 'database'); args=('nsinstmodel', 'database')
2019-03-22 18:41:20,672:[django.db.backends]:[utils.py]-[90] [DEBUG]:(0.000) INSERT INTO `django_content_type` (`app_label`, `model`) VALUES ('database', 'nsinstmodel'); args=['database', 'nsinstmodel']
2019-03-22 18:41:20,765:[django.db.backends]:[utils.py]-[90] [DEBUG]:(0.001) SELECT `django_content_type`.`id`, `django_content_type`.`app_label`, `django_content_type`.`model` FROM `django_content_type` WHERE (`django_content_type`.`model` = 'nfpackagemodel' AND `django_content_type`.`app_label` = 'database'); args=('nfpackagemodel', 'database')
2019-03-22 18:41:20,789:[django.db.backends]:[utils.py]-[90] [DEBUG]:(0.001) SELECT `django_content_type`.`id`, `django_content_type`.`app_label`, `django_content_type`.`model` FROM `django_content_type` WHERE (`django_content_type`.`model` = 'nfpackagemodel' AND `django_content_type`.`app_label` = 'database'); args=('nfpackagemodel', 'database')
2019-03-22 18:41:20,857:[django.db.backends]:[utils.py]-[90] [DEBUG]:(0.000) INSERT INTO `django_content_type` (`app_label`, `model`) VALUES ('database', 'nfpackagemodel'); args=['database', 'nfpackagemodel']
2019-03-22 18:41:21,133:[django.db.backends]:[utils.py]-[90] [DEBUG]:(0.001) SELECT `django_content_type`.`id`, `django_content_type`.`app_label`, `django_content_type`.`model` FROM `django_content_type` WHERE (`django_content_type`.`model` = 'vnfpackagefilemodel' AND `django_content_type`.`app_label` = 'database'); args=('vnfpackagefilemodel', 'database')
2019-03-22 18:41:21,232:[django.db.backends]:[utils.py]-[90] [DEBUG]:(0.050) SELECT `django_content_type`.`id`, `django_content_type`.`app_label`, `django_content_type`.`model` FROM `django_content_type` WHERE (`django_content_type`.`model` = 'vnfpackagefilemodel' AND `django_content_type`.`app_label` = 'database'); args=('vnfpackagefilemodel', 'database')
2019-03-22 18:41:21,408:[django.db.backends]:[utils.py]-[90] [DEBUG]:(0.001) INSERT INTO `django_content_type` (`app_label`, `model`) VALUES ('database', 'vnfpackagefilemodel'); args=['database', 'vnfpackagefilemodel']
2019-03-22 18:41:21,501:[django.db.backends]:[utils.py]-[90] [DEBUG]:(0.001) SELECT `django_content_type`.`id`, `django_content_type`.`app_label`, `django_content_type`.`model` FROM `django_content_type` WHERE (`django_content_type`.`model` = 'fpinstmodel' AND `django_content_type`.`app_label` = 'database'); args=('fpinstmodel', 'database')
2019-03-22 18:41:21,576:[django.db.backends]:[utils.py]-[90] [DEBUG]:(0.001) SELECT `django_content_type`.`id`, `django_content_type`.`app_label`, `django_content_type`.`model` FROM `django_content_type` WHERE (`django_content_type`.`model` = 'fpinstmodel' AND `django_content_type`.`app_label` = 'database'); args=('fpinstmodel', 'database')
2019-03-22 18:41:21,625:[django.db.backends]:[utils.py]-[90] [DEBUG]:(0.000) INSERT INTO `django_content_type` (`app_label`, `model`) VALUES ('database', 'fpinstmodel'); args=['database', 'fpinstmodel']
2019-03-22 18:41:21,777:[django.db.backends]:[utils.py]-[90] [DEBUG]:(0.001) SELECT `django_content_type`.`id`, `django_content_type`.`app_label`, `django_content_type`.`model` FROM `django_content_type` WHERE (`django_content_type`.`model` = 'vnffginstmodel' AND `django_content_type`.`app_label` = 'database'); args=('vnffginstmodel', 'database')
2019-03-22 18:41:21,832:[django.db.backends]:[utils.py]-[90] [DEBUG]:(0.007) SELECT `django_content_type`.`id`, `django_content_type`.`app_label`, `django_content_type`.`model` FROM `django_content_type` WHERE (`django_content_type`.`model` = 'vnffginstmodel' AND `django_content_type`.`app_label` = 'database'); args=('vnffginstmodel', 'database')
2019-03-22 18:41:21,868:[django.db.backends]:[utils.py]-[90] [DEBUG]:(0.000) INSERT INTO `django_content_type` (`app_label`, `model`) VALUES ('database', 'vnffginstmodel'); args=['database', 'vnffginstmodel']
2019-03-22 18:41:22,203:[django.db.backends]:[utils.py]-[90] [DEBUG]:(0.001) SELECT `django_content_type`.`id`, `django_content_type`.`app_label`, `django_content_type`.`model` FROM `django_content_type` WHERE (`django_content_type`.`model` = 'nfinstmodel' AND `django_content_type`.`app_label` = 'database'); args=('nfinstmodel', 'database')
2019-03-22 18:41:22,362:[django.db.backends]:[utils.py]-[90] [DEBUG]:(0.001) SELECT `django_content_type`.`id`, `django_content_type`.`app_label`, `django_content_type`.`model` FROM `django_content_type` WHERE (`django_content_type`.`model` = 'nfinstmodel' AND `django_content_type`.`app_label` = 'database'); args=('nfinstmodel', 'database')
2019-03-22 18:41:22,434:[django.db.backends]:[utils.py]-[90] [DEBUG]:(0.000) INSERT INTO `django_content_type` (`app_label`, `model`) VALUES ('database', 'nfinstmodel'); args=['database', 'nfinstmodel']
2019-03-22 18:41:22,688:[django.db.backends]:[utils.py]-[90] [DEBUG]:(0.001) SELECT `django_content_type`.`id`, `django_content_type`.`app_label`, `django_content_type`.`model` FROM `django_content_type` WHERE (`django_content_type`.`model` = 'vminstmodel' AND `django_content_type`.`app_label` = 'database'); args=('vminstmodel', 'database')
2019-03-22 18:41:22,746:[django.db.backends]:[utils.py]-[90] [DEBUG]:(0.001) SELECT `django_content_type`.`id`, `django_content_type`.`app_label`, `django_content_type`.`model` FROM `django_content_type` WHERE (`django_content_type`.`model` = 'vminstmodel' AND `django_content_type`.`app_label` = 'database'); args=('vminstmodel', 'database')
2019-03-22 18:41:22,804:[django.db.backends]:[utils.py]-[90] [DEBUG]:(0.000) INSERT INTO `django_content_type` (`app_label`, `model`) VALUES ('database', 'vminstmodel'); args=['database', 'vminstmodel']
2019-03-22 18:41:23,107:[django.db.backends]:[utils.py]-[90] [DEBUG]:(0.001) SELECT `django_content_type`.`id`, `django_content_type`.`app_label`, `django_content_type`.`model` FROM `django_content_type` WHERE (`django_content_type`.`model` = 'vnfcinstmodel' AND `django_content_type`.`app_label` = 'database'); args=('vnfcinstmodel', 'database')
2019-03-22 18:41:23,156:[django.db.backends]:[utils.py]-[90] [DEBUG]:(0.001) SELECT `django_content_type`.`id`, `django_content_type`.`app_label`, `django_content_type`.`model` FROM `django_content_type` WHERE (`django_content_type`.`model` = 'vnfcinstmodel' AND `django_content_type`.`app_label` = 'database'); args=('vnfcinstmodel', 'database')
2019-03-22 18:41:23,223:[django.db.backends]:[utils.py]-[90] [DEBUG]:(0.000) INSERT INTO `django_content_type` (`app_label`, `model`) VALUES ('database', 'vnfcinstmodel'); args=['database', 'vnfcinstmodel']
2019-03-22 18:41:23,414:[django.db.backends]:[utils.py]-[90] [DEBUG]:(0.001) SELECT `django_content_type`.`id`, `django_content_type`.`app_label`, `django_content_type`.`model` FROM `django_content_type` WHERE (`django_content_type`.`model` = 'cpinstmodel' AND `django_content_type`.`app_label` = 'database'); args=('cpinstmodel', 'database')
2019-03-22 18:41:23,482:[django.db.backends]:[utils.py]-[90] [DEBUG]:(0.001) SELECT `django_content_type`.`id`, `django_content_type`.`app_label`, `django_content_type`.`model` FROM `django_content_type` WHERE (`django_content_type`.`model` = 'cpinstmodel' AND `django_content_type`.`app_label` = 'database'); args=('cpinstmodel', 'database')
2019-03-22 18:41:23,530:[django.db.backends]:[utils.py]-[90] [DEBUG]:(0.000) INSERT INTO `django_content_type` (`app_label`, `model`) VALUES ('database', 'cpinstmodel'); args=['database', 'cpinstmodel']
2019-03-22 18:41:23,658:[django.db.backends]:[utils.py]-[90] [DEBUG]:(0.001) SELECT `django_content_type`.`id`, `django_content_type`.`app_label`, `django_content_type`.`model` FROM `django_content_type` WHERE (`django_content_type`.`model` = 'vlinstmodel' AND `django_content_type`.`app_label` = 'database'); args=('vlinstmodel', 'database')
2019-03-22 18:41:23,733:[django.db.backends]:[utils.py]-[90] [DEBUG]:(0.001) SELECT `django_content_type`.`id`, `django_content_type`.`app_label`, `django_content_type`.`model` FROM `django_content_type` WHERE (`django_content_type`.`model` = 'vlinstmodel' AND `django_content_type`.`app_label` = 'database'); args=('vlinstmodel', 'database')
2019-03-22 18:41:23,783:[django.db.backends]:[utils.py]-[90] [DEBUG]:(0.000) INSERT INTO `django_content_type` (`app_label`, `model`) VALUES ('database', 'vlinstmodel'); args=['database', 'vlinstmodel']
2019-03-22 18:41:23,943:[django.db.backends]:[utils.py]-[90] [DEBUG]:(0.001) SELECT `django_content_type`.`id`, `django_content_type`.`app_label`, `django_content_type`.`model` FROM `django_content_type` WHERE (`django_content_type`.`model` = 'portinstmodel' AND `django_content_type`.`app_label` = 'database'); args=('portinstmodel', 'database')
2019-03-22 18:41:24,099:[django.db.backends]:[utils.py]-[90] [DEBUG]:(0.001) SELECT `django_content_type`.`id`, `django_content_type`.`app_label`, `django_content_type`.`model` FROM `django_content_type` WHERE (`django_content_type`.`model` = 'portinstmodel' AND `django_content_type`.`app_label` = 'database'); args=('portinstmodel', 'database')
2019-03-22 18:41:24,151:[django.db.backends]:[utils.py]-[90] [DEBUG]:(0.001) INSERT INTO `django_content_type` (`app_label`, `model`) VALUES ('database', 'portinstmodel'); args=['database', 'portinstmodel']
2019-03-22 18:41:24,361:[django.db.backends]:[utils.py]-[90] [DEBUG]:(0.001) SELECT `django_content_type`.`id`, `django_content_type`.`app_label`, `django_content_type`.`model` FROM `django_content_type` WHERE (`django_content_type`.`model` = 'jobmodel' AND `django_content_type`.`app_label` = 'database'); args=('jobmodel', 'database')
2019-03-22 18:41:24,443:[django.db.backends]:[utils.py]-[90] [DEBUG]:(0.001) SELECT `django_content_type`.`id`, `django_content_type`.`app_label`, `django_content_type`.`model` FROM `django_content_type` WHERE (`django_content_type`.`model` = 'jobmodel' AND `django_content_type`.`app_label` = 'database'); args=('jobmodel', 'database')
2019-03-22 18:41:24,711:[django.db.backends]:[utils.py]-[90] [DEBUG]:(0.001) INSERT INTO `django_content_type` (`app_label`, `model`) VALUES ('database', 'jobmodel'); args=['database', 'jobmodel']
2019-03-22 18:41:25,671:[django.db.backends]:[utils.py]-[90] [DEBUG]:(0.001) SELECT `django_content_type`.`id`, `django_content_type`.`app_label`, `django_content_type`.`model` FROM `django_content_type` WHERE (`django_content_type`.`model` = 'jobstatusmodel' AND `django_content_type`.`app_label` = 'database'); args=('jobstatusmodel', 'database')
2019-03-22 18:41:25,754:[django.db.backends]:[utils.py]-[90] [DEBUG]:(0.001) SELECT `django_content_type`.`id`, `django_content_type`.`app_label`, `django_content_type`.`model` FROM `django_content_type` WHERE (`django_content_type`.`model` = 'jobstatusmodel' AND `django_content_type`.`app_label` = 'database'); args=('jobstatusmodel', 'database')
2019-03-22 18:41:25,853:[django.db.backends]:[utils.py]-[90] [DEBUG]:(0.001) INSERT INTO `django_content_type` (`app_label`, `model`) VALUES ('database', 'jobstatusmodel'); args=['database', 'jobstatusmodel']
2019-03-22 18:41:26,414:[django.db.backends]:[utils.py]-[90] [DEBUG]:(0.001) SELECT `django_content_type`.`id`, `django_content_type`.`app_label`, `django_content_type`.`model` FROM `django_content_type` WHERE (`django_content_type`.`model` = 'defpkgmappingmodel' AND `django_content_type`.`app_label` = 'database'); args=('defpkgmappingmodel', 'database')
2019-03-22 18:41:26,767:[django.db.backends]:[utils.py]-[90] [DEBUG]:(0.002) SELECT `django_content_type`.`id`, `django_content_type`.`app_label`, `django_content_type`.`model` FROM `django_content_type` WHERE (`django_content_type`.`model` = 'defpkgmappingmodel' AND `django_content_type`.`app_label` = 'database'); args=('defpkgmappingmodel', 'database')
2019-03-22 18:41:27,091:[django.db.backends]:[utils.py]-[90] [DEBUG]:(0.000) INSERT INTO `django_content_type` (`app_label`, `model`) VALUES ('database', 'defpkgmappingmodel'); args=['database', 'defpkgmappingmodel']
2019-03-22 18:41:27,267:[django.db.backends]:[utils.py]-[90] [DEBUG]:(0.001) SELECT `django_content_type`.`id`, `django_content_type`.`app_label`, `django_content_type`.`model` FROM `django_content_type` WHERE (`django_content_type`.`model` = 'inputparammappingmodel' AND `django_content_type`.`app_label` = 'database'); args=('inputparammappingmodel', 'database')
2019-03-22 18:41:27,350:[django.db.backends]:[utils.py]-[90] [DEBUG]:(0.001) SELECT `django_content_type`.`id`, `django_content_type`.`app_label`, `django_content_type`.`model` FROM `django_content_type` WHERE (`django_content_type`.`model` = 'inputparammappingmodel' AND `django_content_type`.`app_label` = 'database'); args=('inputparammappingmodel', 'database')
2019-03-22 18:41:27,475:[django.db.backends]:[utils.py]-[90] [DEBUG]:(0.000) INSERT INTO `django_content_type` (`app_label`, `model`) VALUES ('database', 'inputparammappingmodel'); args=['database', 'inputparammappingmodel']
2019-03-22 18:41:27,743:[django.db.backends]:[utils.py]-[90] [DEBUG]:(0.001) SELECT `django_content_type`.`id`, `django_content_type`.`app_label`, `django_content_type`.`model` FROM `django_content_type` WHERE (`django_content_type`.`model` = 'servicebaseinfomodel' AND `django_content_type`.`app_label` = 'database'); args=('servicebaseinfomodel', 'database')
2019-03-22 18:41:28,134:[django.db.backends]:[utils.py]-[90] [DEBUG]:(0.001) SELECT `django_content_type`.`id`, `django_content_type`.`app_label`, `django_content_type`.`model` FROM `django_content_type` WHERE (`django_content_type`.`model` = 'servicebaseinfomodel' AND `django_content_type`.`app_label` = 'database'); args=('servicebaseinfomodel', 'database')
2019-03-22 18:41:28,232:[django.db.backends]:[utils.py]-[90] [DEBUG]:(0.023) INSERT INTO `django_content_type` (`app_label`, `model`) VALUES ('database', 'servicebaseinfomodel'); args=['database', 'servicebaseinfomodel']
2019-03-22 18:41:28,402:[django.db.backends]:[utils.py]-[90] [DEBUG]:(0.001) SELECT `django_content_type`.`id`, `django_content_type`.`app_label`, `django_content_type`.`model` FROM `django_content_type` WHERE (`django_content_type`.`model` = 'wfplanmodel' AND `django_content_type`.`app_label` = 'database'); args=('wfplanmodel', 'database')
2019-03-22 18:41:28,467:[django.db.backends]:[utils.py]-[90] [DEBUG]:(0.001) SELECT `django_content_type`.`id`, `django_content_type`.`app_label`, `django_content_type`.`model` FROM `django_content_type` WHERE (`django_content_type`.`model` = 'wfplanmodel' AND `django_content_type`.`app_label` = 'database'); args=('wfplanmodel', 'database')
2019-03-22 18:41:28,610:[django.db.backends]:[utils.py]-[90] [DEBUG]:(0.000) INSERT INTO `django_content_type` (`app_label`, `model`) VALUES ('database', 'wfplanmodel'); args=['database', 'wfplanmodel']
2019-03-22 18:41:28,786:[django.db.backends]:[utils.py]-[90] [DEBUG]:(0.001) SELECT `django_content_type`.`id`, `django_content_type`.`app_label`, `django_content_type`.`model` FROM `django_content_type` WHERE (`django_content_type`.`model` = 'oofdatamodel' AND `django_content_type`.`app_label` = 'database'); args=('oofdatamodel', 'database')
2019-03-22 18:41:28,886:[django.db.backends]:[utils.py]-[90] [DEBUG]:(0.001) SELECT `django_content_type`.`id`, `django_content_type`.`app_label`, `django_content_type`.`model` FROM `django_content_type` WHERE (`django_content_type`.`model` = 'oofdatamodel' AND `django_content_type`.`app_label` = 'database'); args=('oofdatamodel', 'database')
2019-03-22 18:41:28,961:[django.db.backends]:[utils.py]-[90] [DEBUG]:(0.000) INSERT INTO `django_content_type` (`app_label`, `model`) VALUES ('database', 'oofdatamodel'); args=['database', 'oofdatamodel']
2019-03-22 18:41:29,121:[django.db.backends]:[utils.py]-[90] [DEBUG]:(0.001) SELECT `django_content_type`.`id`, `django_content_type`.`app_label`, `django_content_type`.`model` FROM `django_content_type` WHERE (`django_content_type`.`model` = 'subscriptionmodel' AND `django_content_type`.`app_label` = 'database'); args=('subscriptionmodel', 'database')
2019-03-22 18:41:29,230:[django.db.backends]:[utils.py]-[90] [DEBUG]:(0.001) SELECT `django_content_type`.`id`, `django_content_type`.`app_label`, `django_content_type`.`model` FROM `django_content_type` WHERE (`django_content_type`.`model` = 'subscriptionmodel' AND `django_content_type`.`app_label` = 'database'); args=('subscriptionmodel', 'database')
2019-03-22 18:41:29,480:[django.db.backends]:[utils.py]-[90] [DEBUG]:(0.000) INSERT INTO `django_content_type` (`app_label`, `model`) VALUES ('database', 'subscriptionmodel'); args=['database', 'subscriptionmodel']
2019-03-22 18:41:29,639:[django.db.backends]:[utils.py]-[90] [DEBUG]:(0.001) SELECT `django_content_type`.`id`, `django_content_type`.`app_label`, `django_content_type`.`model` FROM `django_content_type` WHERE (`django_content_type`.`model` = 'pnfinstmodel' AND `django_content_type`.`app_label` = 'database'); args=('pnfinstmodel', 'database')
2019-03-22 18:41:29,697:[django.db.backends]:[utils.py]-[90] [DEBUG]:(0.001) SELECT `django_content_type`.`id`, `django_content_type`.`app_label`, `django_content_type`.`model` FROM `django_content_type` WHERE (`django_content_type`.`model` = 'pnfinstmodel' AND `django_content_type`.`app_label` = 'database'); args=('pnfinstmodel', 'database')
2019-03-22 18:41:29,755:[django.db.backends]:[utils.py]-[90] [DEBUG]:(0.000) INSERT INTO `django_content_type` (`app_label`, `model`) VALUES ('database', 'pnfinstmodel'); args=['database', 'pnfinstmodel']
2019-03-22 18:41:29,984:[django.db.backends]:[utils.py]-[90] [DEBUG]:(0.001) SELECT `auth_permission`.`content_type_id`, `auth_permission`.`codename` FROM `auth_permission` INNER JOIN `django_content_type` ON (`auth_permission`.`content_type_id` = `django_content_type`.`id`) WHERE `auth_permission`.`content_type_id` IN (64, 34, 67, 37, 70, 40, 73, 43, 76, 46, 79, 49, 19, 52, 22, 55, 25, 58, 28, 61, 31) ORDER BY `django_content_type`.`app_label` ASC, `django_content_type`.`model` ASC, `auth_permission`.`codename` ASC; args=(64, 34, 67, 37, 70, 40, 73, 43, 76, 46, 79, 49, 19, 52, 22, 55, 25, 58, 28, 61, 31)
2019-03-22 18:41:30,069:[django.db.backends]:[utils.py]-[90] [DEBUG]:(0.003) INSERT INTO `auth_permission` (`name`, `content_type_id`, `codename`) VALUES ('Can add nsd model', 19, 'add_nsdmodel'), ('Can change nsd model', 19, 'change_nsdmodel'), ('Can delete nsd model', 19, 'delete_nsdmodel'), ('Can add ns inst model', 22, 'add_nsinstmodel'), ('Can change ns inst model', 22, 'change_nsinstmodel'), ('Can delete ns inst model', 22, 'delete_nsinstmodel'), ('Can add nf package model', 25, 'add_nfpackagemodel'), ('Can change nf package model', 25, 'change_nfpackagemodel'), ('Can delete nf package model', 25, 'delete_nfpackagemodel'), ('Can add vnf package file model', 28, 'add_vnfpackagefilemodel'), ('Can change vnf package file model', 28, 'change_vnfpackagefilemodel'), ('Can delete vnf package file model', 28, 'delete_vnfpackagefilemodel'), ('Can add fp inst model', 31, 'add_fpinstmodel'), ('Can change fp inst model', 31, 'change_fpinstmodel'), ('Can delete fp inst model', 31, 'delete_fpinstmodel'), ('Can add vnffg inst model', 34, 'add_vnffginstmodel'), ('Can change vnffg inst model', 34, 'change_vnffginstmodel'), ('Can delete vnffg inst model', 34, 'delete_vnffginstmodel'), ('Can add nf inst model', 37, 'add_nfinstmodel'), ('Can change nf inst model', 37, 'change_nfinstmodel'), ('Can delete nf inst model', 37, 'delete_nfinstmodel'), ('Can add vm inst model', 40, 'add_vminstmodel'), ('Can change vm inst model', 40, 'change_vminstmodel'), ('Can delete vm inst model', 40, 'delete_vminstmodel'), ('Can add vnfc inst model', 43, 'add_vnfcinstmodel'), ('Can change vnfc inst model', 43, 'change_vnfcinstmodel'), ('Can delete vnfc inst model', 43, 'delete_vnfcinstmodel'), ('Can add cp inst model', 46, 'add_cpinstmodel'), ('Can change cp inst model', 46, 'change_cpinstmodel'), ('Can delete cp inst model', 46, 'delete_cpinstmodel'), ('Can add vl inst model', 49, 'add_vlinstmodel'), ('Can change vl inst model', 49, 'change_vlinstmodel'), ('Can delete vl inst model', 49, 'delete_vlinstmodel'), ('Can add port inst model', 52, 'add_portinstmodel'), ('Can change port inst model', 52, 'change_portinstmodel'), ('Can delete port inst model', 52, 'delete_portinstmodel'), ('Can add job model', 55, 'add_jobmodel'), ('Can change job model', 55, 'change_jobmodel'), ('Can delete job model', 55, 'delete_jobmodel'), ('Can add job status model', 58, 'add_jobstatusmodel'), ('Can change job status model', 58, 'change_jobstatusmodel'), ('Can delete job status model', 58, 'delete_jobstatusmodel'), ('Can add def pkg mapping model', 61, 'add_defpkgmappingmodel'), ('Can change def pkg mapping model', 61, 'change_defpkgmappingmodel'), ('Can delete def pkg mapping model', 61, 'delete_defpkgmappingmodel'), ('Can add input param mapping model', 64, 'add_inputparammappingmodel'), ('Can change input param mapping model', 64, 'change_inputparammappingmodel'), ('Can delete input param mapping model', 64, 'delete_inputparammappingmodel'), ('Can add service base info model', 67, 'add_servicebaseinfomodel'), ('Can change service base info model', 67, 'change_servicebaseinfomodel'), ('Can delete service base info model', 67, 'delete_servicebaseinfomodel'), ('Can add wf plan model', 70, 'add_wfplanmodel'), ('Can change wf plan model', 70, 'change_wfplanmodel'), ('Can delete wf plan model', 70, 'delete_wfplanmodel'), ('Can add oof data model', 73, 'add_oofdatamodel'), ('Can change oof data model', 73, 'change_oofdatamodel'), ('Can delete oof data model', 73, 'delete_oofdatamodel'), ('Can add subscription model', 76, 'add_subscriptionmodel'), ('Can change subscription model', 76, 'change_subscriptionmodel'), ('Can delete subscription model', 76, 'delete_subscriptionmodel'), ('Can add pnf inst model', 79, 'add_pnfinstmodel'), ('Can change pnf inst model', 79, 'change_pnfinstmodel'), ('Can delete pnf inst model', 79, 'delete_pnfinstmodel'); args=(u'Can add nsd model', 19, u'add_nsdmodel', u'Can change nsd model', 19, u'change_nsdmodel', u'Can delete nsd model', 19, u'delete_nsdmodel', u'Can add ns inst model', 22, u'add_nsinstmodel', u'Can change ns inst model', 22, u'change_nsinstmodel', u'Can delete ns inst model', 22, u'delete_nsinstmodel', u'Can add nf package model', 25, u'add_nfpackagemodel', u'Can change nf package model', 25, u'change_nfpackagemodel', u'Can delete nf package model', 25, u'delete_nfpackagemodel', u'Can add vnf package file model', 28, u'add_vnfpackagefilemodel', u'Can change vnf package file model', 28, u'change_vnfpackagefilemodel', u'Can delete vnf package file model', 28, u'delete_vnfpackagefilemodel', u'Can add fp inst model', 31, u'add_fpinstmodel', u'Can change fp inst model', 31, u'change_fpinstmodel', u'Can delete fp inst model', 31, u'delete_fpinstmodel', u'Can add vnffg inst model', 34, u'add_vnffginstmodel', u'Can change vnffg inst model', 34, u'change_vnffginstmodel', u'Can delete vnffg inst model', 34, u'delete_vnffginstmodel', u'Can add nf inst model', 37, u'add_nfinstmodel', u'Can change nf inst model', 37, u'change_nfinstmodel', u'Can delete nf inst model', 37, u'delete_nfinstmodel', u'Can add vm inst model', 40, u'add_vminstmodel', u'Can change vm inst model', 40, u'change_vminstmodel', u'Can delete vm inst model', 40, u'delete_vminstmodel', u'Can add vnfc inst model', 43, u'add_vnfcinstmodel', u'Can change vnfc inst model', 43, u'change_vnfcinstmodel', u'Can delete vnfc inst model', 43, u'delete_vnfcinstmodel', u'Can add cp inst model', 46, u'add_cpinstmodel', u'Can change cp inst model', 46, u'change_cpinstmodel', u'Can delete cp inst model', 46, u'delete_cpinstmodel', u'Can add vl inst model', 49, u'add_vlinstmodel', u'Can change vl inst model', 49, u'change_vlinstmodel', u'Can delete vl inst model', 49, u'delete_vlinstmodel', u'Can add port inst model', 52, u'add_portinstmodel', u'Can change port inst model', 52, u'change_portinstmodel', u'Can delete port inst model', 52, u'delete_portinstmodel', u'Can add job model', 55, u'add_jobmodel', u'Can change job model', 55, u'change_jobmodel', u'Can delete job model', 55, u'delete_jobmodel', u'Can add job status model', 58, u'add_jobstatusmodel', u'Can change job status model', 58, u'change_jobstatusmodel', u'Can delete job status model', 58, u'delete_jobstatusmodel', u'Can add def pkg mapping model', 61, u'add_defpkgmappingmodel', u'Can change def pkg mapping model', 61, u'change_defpkgmappingmodel', u'Can delete def pkg mapping model', 61, u'delete_defpkgmappingmodel', u'Can add input param mapping model', 64, u'add_inputparammappingmodel', u'Can change input param mapping model', 64, u'change_inputparammappingmodel', u'Can delete input param mapping model', 64, u'delete_inputparammappingmodel', u'Can add service base info model', 67, u'add_servicebaseinfomodel', u'Can change service base info model', 67, u'change_servicebaseinfomodel', u'Can delete service base info model', 67, u'delete_servicebaseinfomodel', u'Can add wf plan model', 70, u'add_wfplanmodel', u'Can change wf plan model', 70, u'change_wfplanmodel', u'Can delete wf plan model', 70, u'delete_wfplanmodel', u'Can add oof data model', 73, u'add_oofdatamodel', u'Can change oof data model', 73, u'change_oofdatamodel', u'Can delete oof data model', 73, u'delete_oofdatamodel', u'Can add subscription model', 76, u'add_subscriptionmodel', u'Can change subscription model', 76, u'change_subscriptionmodel', u'Can delete subscription model', 76, u'delete_subscriptionmodel', u'Can add pnf inst model', 79, u'add_pnfinstmodel', u'Can change pnf inst model', 79, u'change_pnfinstmodel', u'Can delete pnf inst model', 79, u'delete_pnfinstmodel')
2019-03-22 18:41:30,350:[django.db.backends]:[utils.py]-[90] [DEBUG]:(0.001) SELECT `django_content_type`.`id`, `django_content_type`.`app_label`, `django_content_type`.`model` FROM `django_content_type` WHERE `django_content_type`.`app_label` = 'database'; args=('database',)
